<?xml version="1.0" encoding="UTF-8"?>
<testsuite xmlns:xsi="http://www.w3.org/2001/XMLSchema-instance" xsi:noNamespaceSchemaLocation="https://maven.apache.org/surefire/maven-surefire-plugin/xsd/surefire-test-report-3.0.xsd" version="3.0" name="com.egger.cinema.GsonTests" time="0.167" tests="1" errors="0" skipped="0" failures="0">
  <properties>
    <property name="java.specification.version" value="25"/>
    <property name="sun.cpu.isalist" value="amd64"/>
    <property name="sun.jnu.encoding" value="Cp1252"/>
    <property name="java.class.path" value="C:\Users\BOBERLEC\IdeaProjects\cinema\absolute-cinema\target\test-classes;C:\Users\BOBERLEC\IdeaProjects\cinema\absolute-cinema\target\classes;C:\Users\BOBERLEC\.m2\repository\com\google\code\gson\gson\2.13.2\gson-2.13.2.jar;C:\Users\BOBERLEC\.m2\repository\com\google\errorprone\error_prone_annotations\2.41.0\error_prone_annotations-2.41.0.jar;C:\Users\BOBERLEC\.m2\repository\org\assertj\assertj-core\3.27.6\assertj-core-3.27.6.jar;C:\Users\BOBERLEC\.m2\repository\net\bytebuddy\byte-buddy\1.17.7\byte-buddy-1.17.7.jar;C:\Users\BOBERLEC\.m2\repository\junit\junit\4.13.2\junit-4.13.2.jar;C:\Users\BOBERLEC\.m2\repository\org\hamcrest\hamcrest-core\1.3\hamcrest-core-1.3.jar;"/>
    <property name="java.vm.vendor" value="Oracle Corporation"/>
    <property name="sun.arch.data.model" value="64"/>
    <property name="user.variant" value=""/>
    <property name="java.vendor.url" value="https://java.oracle.com/"/>
    <property name="user.timezone" value="Europe/Berlin"/>
    <property name="os.name" value="Windows 11"/>
    <property name="java.vm.specification.version" value="25"/>
    <property name="user.country" value="DE"/>
    <property name="sun.java.launcher" value="SUN_STANDARD"/>
    <property name="sun.boot.library.path" value="C:\Users\BOBERLEC\.jdks\openjdk-25\bin"/>
    <property name="sun.java.command" value="C:\Users\BOBERLEC\AppData\Local\Temp\surefire2279029481871673804\surefirebooter-20251020095630514_3.jar C:\Users\BOBERLEC\AppData\Local\Temp\surefire2279029481871673804 2025-10-20T09-56-26_891-jvmRun1 surefire-20251020095630514_1tmp surefire_0-20251020095630514_2tmp"/>
    <property name="jdk.debug" value="release"/>
    <property name="surefire.test.class.path" value="C:\Users\BOBERLEC\IdeaProjects\cinema\absolute-cinema\target\test-classes;C:\Users\BOBERLEC\IdeaProjects\cinema\absolute-cinema\target\classes;C:\Users\BOBERLEC\.m2\repository\com\google\code\gson\gson\2.13.2\gson-2.13.2.jar;C:\Users\BOBERLEC\.m2\repository\com\google\errorprone\error_prone_annotations\2.41.0\error_prone_annotations-2.41.0.jar;C:\Users\BOBERLEC\.m2\repository\org\assertj\assertj-core\3.27.6\assertj-core-3.27.6.jar;C:\Users\BOBERLEC\.m2\repository\net\bytebuddy\byte-buddy\1.17.7\byte-buddy-1.17.7.jar;C:\Users\BOBERLEC\.m2\repository\junit\junit\4.13.2\junit-4.13.2.jar;C:\Users\BOBERLEC\.m2\repository\org\hamcrest\hamcrest-core\1.3\hamcrest-core-1.3.jar;"/>
    <property name="sun.cpu.endian" value="little"/>
    <property name="user.home" value="C:\Users\BOBERLEC"/>
    <property name="user.language" value="de"/>
    <property name="java.specification.vendor" value="Oracle Corporation"/>
    <property name="java.version.date" value="2025-09-16"/>
    <property name="java.home" value="C:\Users\BOBERLEC\.jdks\openjdk-25"/>
    <property name="file.separator" value="\"/>
    <property name="basedir" value="C:\Users\BOBERLEC\IdeaProjects\cinema\absolute-cinema"/>
    <property name="style.color" value="always"/>
    <property name="java.vm.compressedOopsMode" value="Zero based"/>
    <property name="line.separator" value="&#10;"/>
    <property name="java.vm.specification.vendor" value="Oracle Corporation"/>
    <property name="java.specification.name" value="Java Platform API Specification"/>
    <property name="surefire.real.class.path" value="C:\Users\BOBERLEC\AppData\Local\Temp\surefire2279029481871673804\surefirebooter-20251020095630514_3.jar"/>
    <property name="user.script" value=""/>
    <property name="sun.management.compiler" value="HotSpot 64-Bit Tiered Compilers"/>
    <property name="java.runtime.version" value="25+36-3489"/>
    <property name="user.name" value="BOBERLEC"/>
    <property name="stdout.encoding" value="Cp1252"/>
    <property name="path.separator" value=";"/>
    <property name="os.version" value="10.0"/>
    <property name="java.runtime.name" value="OpenJDK Runtime Environment"/>
    <property name="file.encoding" value="UTF-8"/>
    <property name="java.vm.name" value="OpenJDK 64-Bit Server VM"/>
    <property name="maven.ext.class.path" value="C:\Users\BOBERLEC\AppData\Local\Programs\IntelliJ IDEA Community Edition 2025.2.1\plugins\maven\lib\maven-event-listener.jar"/>
    <property name="localRepository" value="C:\Users\BOBERLEC\.m2\repository"/>
    <property name="java.vendor.url.bug" value="https://bugreport.java.com/bugreport/"/>
    <property name="java.io.tmpdir" value="C:\Users\BOBERLEC\AppData\Local\Temp\"/>
    <property name="idea.version" value="2025.2.3"/>
    <property name="java.version" value="25"/>
    <property name="user.dir" value="C:\Users\BOBERLEC\IdeaProjects\cinema\absolute-cinema"/>
    <property name="os.arch" value="amd64"/>
    <property name="jansi.passthrough" value="true"/>
    <property name="java.vm.specification.name" value="Java Virtual Machine Specification"/>
    <property name="sun.os.patch.level" value=""/>
    <property name="native.encoding" value="Cp1252"/>
    <property name="java.library.path" value="C:\Users\BOBERLEC\.jdks\openjdk-25\bin;C:\WINDOWS\Sun\Java\bin;C:\WINDOWS\system32;C:\WINDOWS;C:\Program Files\Common Files\Oracle\Java\javapath;C:\WINDOWS\system32;C:\WINDOWS;C:\WINDOWS\System32\Wbem;C:\WINDOWS\System32\WindowsPowerShell\v1.0\;C:\Users\BOBERLEC\AppData\Local\Microsoft\WindowsApps;C:\Users\BOBERLEC\AppData\Local\Programs\Microsoft VS Code\bin;C:\Exercism;C:\ProgramData\BOBERLEC\GitHubDesktop\bin;C:\Users\BOBERLEC\AppData\Local\GitHubDesktop\bin;C:\Users\BOBERLEC\AppData\Local\Programs\Git\cmd;."/>
    <property name="java.vm.info" value="mixed mode, sharing"/>
    <property name="stderr.encoding" value="Cp1252"/>
    <property name="java.vendor" value="Oracle Corporation"/>
    <property name="java.vm.version" value="25+36-3489"/>
    <property name="stdin.encoding" value="Cp1252"/>
    <property name="sun.io.unicode.encoding" value="UnicodeLittle"/>
    <property name="maven.repo.local" value="C:\Users\BOBERLEC\.m2\repository"/>
    <property name="java.class.version" value="69.0"/>
  </properties>
  <testcase name="deserializeMovies" classname="com.egger.cinema.GsonTests" time="0.12"/>
</testsuite>